

Started GET "/" for 127.0.0.1 at 2016-11-08 12:47:17 +0530

ActiveRecord::PendingMigrationError (

Migrations are pending. To resolve this issue, run:

	bin/rake db:migrate RAILS_ENV=development

):
  activerecord (4.2.6) lib/active_record/migration.rb:392:in `check_pending!'
  activerecord (4.2.6) lib/active_record/migration.rb:373:in `call'
  actionpack (4.2.6) lib/action_dispatch/middleware/callbacks.rb:29:in `block in call'
  activesupport (4.2.6) lib/active_support/callbacks.rb:88:in `__run_callbacks__'
  activesupport (4.2.6) lib/active_support/callbacks.rb:778:in `_run_call_callbacks'
  activesupport (4.2.6) lib/active_support/callbacks.rb:81:in `run_callbacks'
  actionpack (4.2.6) lib/action_dispatch/middleware/callbacks.rb:27:in `call'
  actionpack (4.2.6) lib/action_dispatch/middleware/reloader.rb:73:in `call'
  actionpack (4.2.6) lib/action_dispatch/middleware/remote_ip.rb:78:in `call'
  actionpack (4.2.6) lib/action_dispatch/middleware/debug_exceptions.rb:17:in `call'
  web-console (2.3.0) lib/web_console/middleware.rb:28:in `block in call'
  web-console (2.3.0) lib/web_console/middleware.rb:18:in `catch'
  web-console (2.3.0) lib/web_console/middleware.rb:18:in `call'
  actionpack (4.2.6) lib/action_dispatch/middleware/show_exceptions.rb:30:in `call'
  railties (4.2.6) lib/rails/rack/logger.rb:38:in `call_app'
  railties (4.2.6) lib/rails/rack/logger.rb:20:in `block in call'
  activesupport (4.2.6) lib/active_support/tagged_logging.rb:68:in `block in tagged'
  activesupport (4.2.6) lib/active_support/tagged_logging.rb:26:in `tagged'
  activesupport (4.2.6) lib/active_support/tagged_logging.rb:68:in `tagged'
  railties (4.2.6) lib/rails/rack/logger.rb:20:in `call'
  actionpack (4.2.6) lib/action_dispatch/middleware/request_id.rb:21:in `call'
  rack (1.6.4) lib/rack/methodoverride.rb:22:in `call'
  rack (1.6.4) lib/rack/runtime.rb:18:in `call'
  activesupport (4.2.6) lib/active_support/cache/strategy/local_cache_middleware.rb:28:in `call'
  rack (1.6.4) lib/rack/lock.rb:17:in `call'
  actionpack (4.2.6) lib/action_dispatch/middleware/static.rb:120:in `call'
  rack (1.6.4) lib/rack/sendfile.rb:113:in `call'
  railties (4.2.6) lib/rails/engine.rb:518:in `call'
  railties (4.2.6) lib/rails/application.rb:165:in `call'
  rack (1.6.4) lib/rack/lock.rb:17:in `call'
  rack (1.6.4) lib/rack/content_length.rb:15:in `call'
  rack (1.6.4) lib/rack/handler/webrick.rb:88:in `service'
  /home/jimmy/.rbenv/versions/2.3.1/lib/ruby/2.3.0/webrick/httpserver.rb:140:in `service'
  /home/jimmy/.rbenv/versions/2.3.1/lib/ruby/2.3.0/webrick/httpserver.rb:96:in `run'
  /home/jimmy/.rbenv/versions/2.3.1/lib/ruby/2.3.0/webrick/server.rb:296:in `block in start_thread'


  Rendered /home/jimmy/.rbenv/versions/2.3.1/lib/ruby/gems/2.3.0/gems/actionpack-4.2.6/lib/action_dispatch/middleware/templates/rescues/_source.erb (5.3ms)
  Rendered /home/jimmy/.rbenv/versions/2.3.1/lib/ruby/gems/2.3.0/gems/actionpack-4.2.6/lib/action_dispatch/middleware/templates/rescues/_trace.html.erb (2.5ms)
  Rendered /home/jimmy/.rbenv/versions/2.3.1/lib/ruby/gems/2.3.0/gems/actionpack-4.2.6/lib/action_dispatch/middleware/templates/rescues/_request_and_response.html.erb (1.3ms)
  Rendered /home/jimmy/.rbenv/versions/2.3.1/lib/ruby/gems/2.3.0/gems/actionpack-4.2.6/lib/action_dispatch/middleware/templates/rescues/diagnostics.html.erb within rescues/layout (29.6ms)
  Rendered /home/jimmy/.rbenv/versions/2.3.1/lib/ruby/gems/2.3.0/gems/web-console-2.3.0/lib/web_console/templates/_markup.html.erb (1.2ms)
  Rendered /home/jimmy/.rbenv/versions/2.3.1/lib/ruby/gems/2.3.0/gems/web-console-2.3.0/lib/web_console/templates/_inner_console_markup.html.erb within layouts/inlined_string (0.3ms)
  Rendered /home/jimmy/.rbenv/versions/2.3.1/lib/ruby/gems/2.3.0/gems/web-console-2.3.0/lib/web_console/templates/_prompt_box_markup.html.erb within layouts/inlined_string (0.8ms)
  Rendered /home/jimmy/.rbenv/versions/2.3.1/lib/ruby/gems/2.3.0/gems/web-console-2.3.0/lib/web_console/templates/style.css.erb within layouts/inlined_string (1.0ms)
  Rendered /home/jimmy/.rbenv/versions/2.3.1/lib/ruby/gems/2.3.0/gems/web-console-2.3.0/lib/web_console/templates/console.js.erb within layouts/javascript (148.1ms)
  Rendered /home/jimmy/.rbenv/versions/2.3.1/lib/ruby/gems/2.3.0/gems/web-console-2.3.0/lib/web_console/templates/main.js.erb within layouts/javascript (0.3ms)
  Rendered /home/jimmy/.rbenv/versions/2.3.1/lib/ruby/gems/2.3.0/gems/web-console-2.3.0/lib/web_console/templates/error_page.js.erb within layouts/javascript (0.4ms)
  Rendered /home/jimmy/.rbenv/versions/2.3.1/lib/ruby/gems/2.3.0/gems/web-console-2.3.0/lib/web_console/templates/index.html.erb (177.1ms)
  [1m[36m (124.9ms)[0m  [1mCREATE TABLE "schema_migrations" ("version" varchar NOT NULL) [0m
  [1m[35m (0.1ms)[0m  select sqlite_version(*)
  [1m[36m (121.7ms)[0m  [1mCREATE UNIQUE INDEX "unique_schema_migrations" ON "schema_migrations" ("version")[0m
  [1m[35mActiveRecord::SchemaMigration Load (0.1ms)[0m  SELECT "schema_migrations".* FROM "schema_migrations"
Migrating to CreateProducts (20160625165935)
  [1m[36m (0.1ms)[0m  [1mbegin transaction[0m
  [1m[35m (0.4ms)[0m  CREATE TABLE "products" ("id" INTEGER PRIMARY KEY AUTOINCREMENT NOT NULL, "category" varchar, "created_at" datetime NOT NULL, "updated_at" datetime NOT NULL) 
  [1m[36mSQL (0.2ms)[0m  [1mINSERT INTO "schema_migrations" ("version") VALUES (?)[0m  [["version", "20160625165935"]]
  [1m[35m (112.3ms)[0m  commit transaction
Migrating to CreateItems (20160625171405)
  [1m[36m (0.1ms)[0m  [1mbegin transaction[0m
  [1m[35m (0.3ms)[0m  CREATE TABLE "items" ("id" INTEGER PRIMARY KEY AUTOINCREMENT NOT NULL, "coll" varchar, "price" varchar, "product_id" integer, "created_at" datetime NOT NULL, "updated_at" datetime NOT NULL) 
  [1m[36m (0.1ms)[0m  [1mCREATE  INDEX "index_items_on_product_id" ON "items" ("product_id")[0m
  [1m[35mSQL (0.1ms)[0m  INSERT INTO "schema_migrations" ("version") VALUES (?)  [["version", "20160625171405"]]
  [1m[36m (108.3ms)[0m  [1mcommit transaction[0m
Migrating to AddColumnToItems (20160626040121)
  [1m[35m (0.1ms)[0m  begin transaction
  [1m[36m (0.3ms)[0m  [1mALTER TABLE "items" ADD "rental_Cost" integer[0m
  [1m[35mSQL (0.1ms)[0m  INSERT INTO "schema_migrations" ("version") VALUES (?)  [["version", "20160626040121"]]
  [1m[36m (78.1ms)[0m  [1mcommit transaction[0m
Migrating to RemoveColumnFromItems (20160626041000)
  [1m[35m (0.1ms)[0m  begin transaction
  [1m[36m (0.4ms)[0m  [1mCREATE TEMPORARY TABLE "aitems" ("id" INTEGER PRIMARY KEY AUTOINCREMENT NOT NULL, "coll" varchar, "price" varchar, "product_id" integer, "created_at" datetime NOT NULL, "updated_at" datetime NOT NULL, "rental_Cost" integer) [0m
  [1m[35m (0.1ms)[0m              SELECT sql
            FROM sqlite_master
            WHERE name='index_items_on_product_id' AND type='index'
            UNION ALL
            SELECT sql
            FROM sqlite_temp_master
            WHERE name='index_items_on_product_id' AND type='index'

  [1m[36m (0.1ms)[0m  [1mCREATE  INDEX "tindex_aitems_on_product_id" ON "aitems" ("product_id")[0m
  [1m[35m (0.1ms)[0m  SELECT * FROM "items"
  [1m[36m (0.2ms)[0m  [1mDROP TABLE "items"[0m
  [1m[35m (0.2ms)[0m  CREATE TABLE "items" ("id" INTEGER PRIMARY KEY AUTOINCREMENT NOT NULL, "price" varchar, "product_id" integer, "created_at" datetime NOT NULL, "updated_at" datetime NOT NULL, "rental_Cost" integer) 
  [1m[36m (0.1ms)[0m  [1m            SELECT sql
            FROM sqlite_master
            WHERE name='tindex_aitems_on_product_id' AND type='index'
            UNION ALL
            SELECT sql
            FROM sqlite_temp_master
            WHERE name='tindex_aitems_on_product_id' AND type='index'
[0m
  [1m[35m (0.1ms)[0m  CREATE  INDEX "index_items_on_product_id" ON "items" ("product_id")
  [1m[36m (0.1ms)[0m  [1mSELECT * FROM "aitems"[0m
  [1m[35m (0.2ms)[0m  DROP TABLE "aitems"
  [1m[36m (0.2ms)[0m  [1mCREATE TEMPORARY TABLE "aitems" ("id" INTEGER PRIMARY KEY AUTOINCREMENT NOT NULL, "price" varchar, "product_id" integer, "created_at" datetime NOT NULL, "updated_at" datetime NOT NULL, "rental_Cost" integer) [0m
  [1m[35m (0.1ms)[0m              SELECT sql
            FROM sqlite_master
            WHERE name='index_items_on_product_id' AND type='index'
            UNION ALL
            SELECT sql
            FROM sqlite_temp_master
            WHERE name='index_items_on_product_id' AND type='index'

  [1m[36m (0.2ms)[0m  [1mCREATE  INDEX "tindex_aitems_on_product_id" ON "aitems" ("product_id")[0m
  [1m[35m (0.1ms)[0m  SELECT * FROM "items"
  [1m[36m (0.2ms)[0m  [1mDROP TABLE "items"[0m
  [1m[35m (0.2ms)[0m  CREATE TABLE "items" ("id" INTEGER PRIMARY KEY AUTOINCREMENT NOT NULL, "product_id" integer, "created_at" datetime NOT NULL, "updated_at" datetime NOT NULL, "rental_Cost" integer) 
  [1m[36m (0.1ms)[0m  [1m            SELECT sql
            FROM sqlite_master
            WHERE name='tindex_aitems_on_product_id' AND type='index'
            UNION ALL
            SELECT sql
            FROM sqlite_temp_master
            WHERE name='tindex_aitems_on_product_id' AND type='index'
[0m
  [1m[35m (0.1ms)[0m  CREATE  INDEX "index_items_on_product_id" ON "items" ("product_id")
  [1m[36m (0.1ms)[0m  [1mSELECT * FROM "aitems"[0m
  [1m[35m (0.1ms)[0m  DROP TABLE "aitems"
  [1m[36mSQL (0.2ms)[0m  [1mINSERT INTO "schema_migrations" ("version") VALUES (?)[0m  [["version", "20160626041000"]]
  [1m[35m (76.0ms)[0m  commit transaction
Migrating to AddBrandToItems (20160626041209)
  [1m[36m (0.1ms)[0m  [1mbegin transaction[0m
  [1m[35m (0.3ms)[0m  ALTER TABLE "items" ADD "item_for_rent" varchar
  [1m[36m (0.2ms)[0m  [1mALTER TABLE "items" ADD "brand" varchar[0m
  [1m[35mSQL (0.1ms)[0m  INSERT INTO "schema_migrations" ("version") VALUES (?)  [["version", "20160626041209"]]
  [1m[36m (63.3ms)[0m  [1mcommit transaction[0m
Migrating to AddImageToItems (20160626041640)
  [1m[35m (0.1ms)[0m  begin transaction
  [1m[36m (0.3ms)[0m  [1mALTER TABLE "items" ADD "image" varchar[0m
  [1m[35mSQL (0.1ms)[0m  INSERT INTO "schema_migrations" ("version") VALUES (?)  [["version", "20160626041640"]]
  [1m[36m (64.0ms)[0m  [1mcommit transaction[0m
Migrating to RenamerentalCostTorentalCostInItems (20160626042933)
  [1m[35m (0.1ms)[0m  begin transaction
  [1m[36m (0.2ms)[0m  [1mCREATE TEMPORARY TABLE "aitems" ("id" INTEGER PRIMARY KEY AUTOINCREMENT NOT NULL, "product_id" integer, "created_at" datetime NOT NULL, "updated_at" datetime NOT NULL, "rental_cost" integer, "item_for_rent" varchar, "brand" varchar, "image" varchar) [0m
  [1m[35m (0.1ms)[0m              SELECT sql
            FROM sqlite_master
            WHERE name='index_items_on_product_id' AND type='index'
            UNION ALL
            SELECT sql
            FROM sqlite_temp_master
            WHERE name='index_items_on_product_id' AND type='index'

  [1m[36m (0.1ms)[0m  [1mCREATE  INDEX "tindex_aitems_on_product_id" ON "aitems" ("product_id")[0m
  [1m[35m (0.1ms)[0m  SELECT * FROM "items"
  [1m[36m (0.2ms)[0m  [1mDROP TABLE "items"[0m
  [1m[35m (0.2ms)[0m  CREATE TABLE "items" ("id" INTEGER PRIMARY KEY AUTOINCREMENT NOT NULL, "product_id" integer, "created_at" datetime NOT NULL, "updated_at" datetime NOT NULL, "rental_cost" integer, "item_for_rent" varchar, "brand" varchar, "image" varchar) 
  [1m[36m (0.1ms)[0m  [1m            SELECT sql
            FROM sqlite_master
            WHERE name='tindex_aitems_on_product_id' AND type='index'
            UNION ALL
            SELECT sql
            FROM sqlite_temp_master
            WHERE name='tindex_aitems_on_product_id' AND type='index'
[0m
  [1m[35m (0.1ms)[0m  CREATE  INDEX "index_items_on_product_id" ON "items" ("product_id")
  [1m[36m (0.1ms)[0m  [1mSELECT * FROM "aitems"[0m
  [1m[35m (0.1ms)[0m  DROP TABLE "aitems"
  [1m[36m (0.1ms)[0m  [1m            SELECT sql
            FROM sqlite_master
            WHERE name='index_items_on_product_id' AND type='index'
            UNION ALL
            SELECT sql
            FROM sqlite_temp_master
            WHERE name='index_items_on_product_id' AND type='index'
[0m
  [1m[35mSQL (0.1ms)[0m  INSERT INTO "schema_migrations" ("version") VALUES (?)  [["version", "20160626042933"]]
  [1m[36m (58.6ms)[0m  [1mcommit transaction[0m
Migrating to AddImageToProducts (20160626085908)
  [1m[35m (0.1ms)[0m  begin transaction
  [1m[36m (0.3ms)[0m  [1mALTER TABLE "products" ADD "image" varchar[0m
  [1m[35mSQL (0.1ms)[0m  INSERT INTO "schema_migrations" ("version") VALUES (?)  [["version", "20160626085908"]]
  [1m[36m (107.8ms)[0m  [1mcommit transaction[0m
Migrating to DeviseCreateUsers (20160626143000)
  [1m[35m (0.1ms)[0m  begin transaction
  [1m[36m (0.3ms)[0m  [1mCREATE TABLE "users" ("id" INTEGER PRIMARY KEY AUTOINCREMENT NOT NULL, "email" varchar DEFAULT '' NOT NULL, "encrypted_password" varchar DEFAULT '' NOT NULL, "reset_password_token" varchar, "reset_password_sent_at" datetime, "remember_created_at" datetime, "sign_in_count" integer DEFAULT 0 NOT NULL, "current_sign_in_at" datetime, "last_sign_in_at" datetime, "current_sign_in_ip" varchar, "last_sign_in_ip" varchar, "created_at" datetime NOT NULL, "updated_at" datetime NOT NULL) [0m
  [1m[35m (0.2ms)[0m  CREATE UNIQUE INDEX "index_users_on_email" ON "users" ("email")
  [1m[36m (0.1ms)[0m  [1m            SELECT sql
            FROM sqlite_master
            WHERE name='index_users_on_email' AND type='index'
            UNION ALL
            SELECT sql
            FROM sqlite_temp_master
            WHERE name='index_users_on_email' AND type='index'
[0m
  [1m[35m (0.2ms)[0m  CREATE UNIQUE INDEX "index_users_on_reset_password_token" ON "users" ("reset_password_token")
  [1m[36mSQL (0.1ms)[0m  [1mINSERT INTO "schema_migrations" ("version") VALUES (?)[0m  [["version", "20160626143000"]]
  [1m[35m (118.1ms)[0m  commit transaction
Migrating to AddColumnToUser (20160725110231)
  [1m[36m (0.1ms)[0m  [1mbegin transaction[0m
  [1m[35m (0.4ms)[0m  ALTER TABLE "users" ADD "braintree_customer_id" integer
  [1m[36mSQL (0.1ms)[0m  [1mINSERT INTO "schema_migrations" ("version") VALUES (?)[0m  [["version", "20160725110231"]]
  [1m[35m (76.6ms)[0m  commit transaction
  [1m[36mActiveRecord::SchemaMigration Load (0.1ms)[0m  [1mSELECT "schema_migrations".* FROM "schema_migrations"[0m
  [1m[35m (0.1ms)[0m              SELECT sql
            FROM sqlite_master
            WHERE name='index_items_on_product_id' AND type='index'
            UNION ALL
            SELECT sql
            FROM sqlite_temp_master
            WHERE name='index_items_on_product_id' AND type='index'

  [1m[36m (0.1ms)[0m  [1m            SELECT sql
            FROM sqlite_master
            WHERE name='index_users_on_reset_password_token' AND type='index'
            UNION ALL
            SELECT sql
            FROM sqlite_temp_master
            WHERE name='index_users_on_reset_password_token' AND type='index'
[0m
  [1m[35m (0.1ms)[0m              SELECT sql
            FROM sqlite_master
            WHERE name='index_users_on_email' AND type='index'
            UNION ALL
            SELECT sql
            FROM sqlite_temp_master
            WHERE name='index_users_on_email' AND type='index'



Started GET "/" for 127.0.0.1 at 2016-11-08 12:48:01 +0530
  [1m[36mActiveRecord::SchemaMigration Load (0.2ms)[0m  [1mSELECT "schema_migrations".* FROM "schema_migrations"[0m
Processing by ProductsController#index as HTML
  [1m[35mProduct Load (0.2ms)[0m  SELECT "products".* FROM "products"
  Rendered products/_search.html.erb (4.8ms)
  Rendered products/index.html.erb within layouts/application (13.6ms)
  [1m[36mUser Load (0.2ms)[0m  [1mSELECT  "users".* FROM "users" WHERE "users"."id" = ? LIMIT 1[0m  [["id", 1]]
  Rendered layouts/_nav.html.erb (19.4ms)
Completed 500 Internal Server Error in 6371ms (ActiveRecord: 1.4ms)

ActiveRecord::RecordNotFound (Couldn't find User with 'id'=1):
  app/views/layouts/_nav.html.erb:7:in `_app_views_layouts__nav_html_erb___571806778209696082_70274112983580'
  app/views/layouts/application.html.erb:12:in `_app_views_layouts_application_html_erb___3900847453619571647_47206523196060'


  Rendered /home/jimmy/.rbenv/versions/2.3.1/lib/ruby/gems/2.3.0/gems/actionpack-4.2.6/lib/action_dispatch/middleware/templates/rescues/_source.erb (6.1ms)
  Rendered /home/jimmy/.rbenv/versions/2.3.1/lib/ruby/gems/2.3.0/gems/actionpack-4.2.6/lib/action_dispatch/middleware/templates/rescues/_trace.html.erb (2.4ms)
  Rendered /home/jimmy/.rbenv/versions/2.3.1/lib/ruby/gems/2.3.0/gems/actionpack-4.2.6/lib/action_dispatch/middleware/templates/rescues/_request_and_response.html.erb (0.9ms)
  Rendered /home/jimmy/.rbenv/versions/2.3.1/lib/ruby/gems/2.3.0/gems/actionpack-4.2.6/lib/action_dispatch/middleware/templates/rescues/diagnostics.html.erb within rescues/layout (29.8ms)
  Rendered /home/jimmy/.rbenv/versions/2.3.1/lib/ruby/gems/2.3.0/gems/web-console-2.3.0/lib/web_console/templates/_markup.html.erb (0.3ms)
  Rendered /home/jimmy/.rbenv/versions/2.3.1/lib/ruby/gems/2.3.0/gems/web-console-2.3.0/lib/web_console/templates/_inner_console_markup.html.erb within layouts/inlined_string (0.5ms)
  Rendered /home/jimmy/.rbenv/versions/2.3.1/lib/ruby/gems/2.3.0/gems/web-console-2.3.0/lib/web_console/templates/_prompt_box_markup.html.erb within layouts/inlined_string (0.5ms)
  Rendered /home/jimmy/.rbenv/versions/2.3.1/lib/ruby/gems/2.3.0/gems/web-console-2.3.0/lib/web_console/templates/style.css.erb within layouts/inlined_string (0.3ms)
  Rendered /home/jimmy/.rbenv/versions/2.3.1/lib/ruby/gems/2.3.0/gems/web-console-2.3.0/lib/web_console/templates/console.js.erb within layouts/javascript (29.9ms)
  Rendered /home/jimmy/.rbenv/versions/2.3.1/lib/ruby/gems/2.3.0/gems/web-console-2.3.0/lib/web_console/templates/main.js.erb within layouts/javascript (0.3ms)
  Rendered /home/jimmy/.rbenv/versions/2.3.1/lib/ruby/gems/2.3.0/gems/web-console-2.3.0/lib/web_console/templates/error_page.js.erb within layouts/javascript (0.4ms)
  Rendered /home/jimmy/.rbenv/versions/2.3.1/lib/ruby/gems/2.3.0/gems/web-console-2.3.0/lib/web_console/templates/index.html.erb (52.9ms)
  [1m[36mUser Load (1.5ms)[0m  [1mSELECT "users".* FROM "users"[0m


Started GET "/" for 127.0.0.1 at 2016-11-08 13:38:06 +0530
Processing by ProductsController#index as HTML
  [1m[35mProduct Load (0.6ms)[0m  SELECT "products".* FROM "products"
  Rendered products/_search.html.erb (3.0ms)
  Rendered products/index.html.erb within layouts/application (3.9ms)
  [1m[36mUser Load (0.1ms)[0m  [1mSELECT  "users".* FROM "users" WHERE "users"."id" = ? LIMIT 1[0m  [["id", 1]]
  Rendered layouts/_nav.html.erb (2.5ms)
Completed 200 OK in 67ms (Views: 66.0ms | ActiveRecord: 0.7ms)


Started GET "/assets/application.self-58a92526a8b5afd7b776b5de7adeea8a9f08038d19b75c8fac3a713f53e24f06.css?body=1" for 127.0.0.1 at 2016-11-08 13:38:06 +0530


Started GET "/assets/cart.self-877aef30ae1b040ab8a3aba4e3e309a11d7f2612f44dde450b5c157aa5f95c05.js?body=1" for 127.0.0.1 at 2016-11-08 13:38:06 +0530


Started GET "/assets/cocoon.self-6874ad698cefd21cc1119b773550f61b5c1a60396460f015222af59293affe80.js?body=1" for 127.0.0.1 at 2016-11-08 13:38:06 +0530


Started GET "/assets/products.self-877aef30ae1b040ab8a3aba4e3e309a11d7f2612f44dde450b5c157aa5f95c05.js?body=1" for 127.0.0.1 at 2016-11-08 13:38:06 +0530


Started GET "/assets/items.self-877aef30ae1b040ab8a3aba4e3e309a11d7f2612f44dde450b5c157aa5f95c05.js?body=1" for 127.0.0.1 at 2016-11-08 13:38:06 +0530


Started GET "/assets/application.self-7862a8a8b42407b4741a1adeeea35f0d13ddc4f702ec532adb0674491d296495.js?body=1" for 127.0.0.1 at 2016-11-08 13:38:06 +0530


Started GET "/assets/wrapper2.jpg" for 127.0.0.1 at 2016-11-08 13:38:06 +0530


Started GET "/assets/bg1.jpg" for 127.0.0.1 at 2016-11-08 13:38:06 +0530


Started GET "/products" for 127.0.0.1 at 2016-11-08 13:38:12 +0530
Processing by ProductsController#index as HTML
  [1m[35mProduct Load (0.1ms)[0m  SELECT "products".* FROM "products"
  Rendered products/_search.html.erb (1.0ms)
  Rendered products/index.html.erb within layouts/application (1.6ms)
  [1m[36mUser Load (0.1ms)[0m  [1mSELECT  "users".* FROM "users" WHERE "users"."id" = ? LIMIT 1[0m  [["id", 1]]
  Rendered layouts/_nav.html.erb (1.0ms)
Completed 200 OK in 61ms (Views: 60.0ms | ActiveRecord: 0.2ms)


Started GET "/products/new" for 127.0.0.1 at 2016-11-08 13:38:41 +0530
Processing by ProductsController#new as HTML
Completed 401 Unauthorized in 31ms (ActiveRecord: 0.0ms)


Started GET "/users/sign_in" for 127.0.0.1 at 2016-11-08 13:38:41 +0530
Processing by Devise::SessionsController#new as HTML
  Rendered devise/shared/_links.html.erb (1.3ms)
  Rendered devise/sessions/new.html.erb within layouts/application (60.5ms)
  [1m[35mUser Load (0.1ms)[0m  SELECT  "users".* FROM "users" WHERE "users"."id" = ? LIMIT 1  [["id", 1]]
  Rendered layouts/_nav.html.erb (1.0ms)
Completed 200 OK in 115ms (Views: 105.6ms | ActiveRecord: 0.1ms)


Started POST "/users/sign_in" for 127.0.0.1 at 2016-11-08 13:38:53 +0530
Processing by Devise::SessionsController#create as HTML
  Parameters: {"utf8"=>"✓", "authenticity_token"=>"3YsGIhoGfZel+bLWVTia0ZZUAwbnmTQDC9tABcH8SzLKv+tzPL6zCe//XnikxXzorGlekwbJHDe4gFhaVzTWfg==", "user"=>{"email"=>"jimmy@gmail.com", "password"=>"[FILTERED]", "remember_me"=>"0"}, "commit"=>"Log in"}
  [1m[36mUser Load (0.2ms)[0m  [1mSELECT  "users".* FROM "users" WHERE "users"."email" = ?  ORDER BY "users"."id" ASC LIMIT 1[0m  [["email", "jimmy@gmail.com"]]
Completed 401 Unauthorized in 57ms (ActiveRecord: 0.2ms)
Processing by Devise::SessionsController#new as HTML
  Parameters: {"utf8"=>"✓", "authenticity_token"=>"3YsGIhoGfZel+bLWVTia0ZZUAwbnmTQDC9tABcH8SzLKv+tzPL6zCe//XnikxXzorGlekwbJHDe4gFhaVzTWfg==", "user"=>{"email"=>"jimmy@gmail.com", "password"=>"[FILTERED]", "remember_me"=>"0"}, "commit"=>"Log in"}
  Rendered devise/shared/_links.html.erb (0.3ms)
  Rendered devise/sessions/new.html.erb within layouts/application (10.1ms)
  [1m[35mUser Load (0.1ms)[0m  SELECT  "users".* FROM "users" WHERE "users"."id" = ? LIMIT 1  [["id", 1]]
  Rendered layouts/_nav.html.erb (0.8ms)
Completed 200 OK in 188ms (Views: 61.1ms | ActiveRecord: 0.1ms)


Started GET "/assets/wrapper2.jpg" for 127.0.0.1 at 2016-11-08 13:38:53 +0530


Started GET "/assets/bg1.jpg" for 127.0.0.1 at 2016-11-08 13:38:53 +0530


Started GET "/users/sign_up" for 127.0.0.1 at 2016-11-08 13:38:56 +0530
Processing by Devise::RegistrationsController#new as HTML
  Rendered devise/shared/_links.html.erb (0.4ms)
  Rendered devise/registrations/new.html.erb within layouts/application (11.9ms)
  [1m[36mUser Load (0.1ms)[0m  [1mSELECT  "users".* FROM "users" WHERE "users"."id" = ? LIMIT 1[0m  [["id", 1]]
  Rendered layouts/_nav.html.erb (1.0ms)
Completed 200 OK in 63ms (Views: 62.2ms | ActiveRecord: 0.1ms)


Started POST "/users" for 127.0.0.1 at 2016-11-08 13:39:06 +0530
Processing by Devise::RegistrationsController#create as HTML
  Parameters: {"utf8"=>"✓", "authenticity_token"=>"yQk72YUGBFs9IqU3H5Abusfo/a8iE+2N5h+zTcNyd4XePdaIo77KxXckSZnubf2D/dWgOsNDxblVRKsSVbrqyQ==", "user"=>{"email"=>"jimmy@gmail.com", "password"=>"[FILTERED]", "password_confirmation"=>"[FILTERED]"}, "commit"=>"Sign up"}
  [1m[35m (0.1ms)[0m  begin transaction
  [1m[36mUser Exists (0.1ms)[0m  [1mSELECT  1 AS one FROM "users" WHERE "users"."email" = 'jimmy@gmail.com' LIMIT 1[0m
  [1m[35mSQL (0.3ms)[0m  INSERT INTO "users" ("email", "encrypted_password", "created_at", "updated_at") VALUES (?, ?, ?, ?)  [["email", "jimmy@gmail.com"], ["encrypted_password", "$2a$10$Gvxy.CHjX6mGIsrT9SR7tOW3bPkSQbjeSgfoyqG/fdDqXUp8EeDqi"], ["created_at", "2016-11-08 08:09:07.045224"], ["updated_at", "2016-11-08 08:09:07.045224"]]
  [1m[36m (108.4ms)[0m  [1mcommit transaction[0m
  [1m[35m (0.1ms)[0m  begin transaction
  [1m[36mSQL (0.2ms)[0m  [1mUPDATE "users" SET "last_sign_in_at" = ?, "current_sign_in_at" = ?, "last_sign_in_ip" = ?, "current_sign_in_ip" = ?, "sign_in_count" = ?, "updated_at" = ? WHERE "users"."id" = ?[0m  [["last_sign_in_at", "2016-11-08 08:09:07.155775"], ["current_sign_in_at", "2016-11-08 08:09:07.155775"], ["last_sign_in_ip", "127.0.0.1"], ["current_sign_in_ip", "127.0.0.1"], ["sign_in_count", 1], ["updated_at", "2016-11-08 08:09:07.156427"], ["id", 1]]
  [1m[35m (74.4ms)[0m  commit transaction
Redirected to http://localhost:3000/products/new
Completed 302 Found in 361ms (ActiveRecord: 183.6ms)


Started GET "/products/new" for 127.0.0.1 at 2016-11-08 13:39:07 +0530
Processing by ProductsController#new as HTML
  [1m[36mUser Load (0.2ms)[0m  [1mSELECT  "users".* FROM "users" WHERE "users"."id" = ?  ORDER BY "users"."id" ASC LIMIT 1[0m  [["id", 1]]
  Rendered products/_item_fields.html.erb (9.4ms)
  Rendered products/_item_fields.html.erb (12.0ms)
  Rendered products/_form.html.erb (30.4ms)
  Rendered products/new.html.erb within layouts/application (31.4ms)
  [1m[35mUser Load (0.1ms)[0m  SELECT  "users".* FROM "users" WHERE "users"."id" = ? LIMIT 1  [["id", 1]]
  Rendered layouts/_nav.html.erb (0.9ms)
Completed 200 OK in 111ms (Views: 84.4ms | ActiveRecord: 0.8ms)


Started GET "/assets/wrapper2.jpg" for 127.0.0.1 at 2016-11-08 13:39:07 +0530


Started GET "/assets/bg1.jpg" for 127.0.0.1 at 2016-11-08 13:39:07 +0530


Started GET "/" for 127.0.0.1 at 2016-11-08 21:14:59 +0530
  [1m[36mActiveRecord::SchemaMigration Load (0.2ms)[0m  [1mSELECT "schema_migrations".* FROM "schema_migrations"[0m
Processing by ProductsController#index as HTML
  [1m[35mProduct Load (0.2ms)[0m  SELECT "products".* FROM "products"
  Rendered products/_search.html.erb (2.7ms)
  Rendered products/index.html.erb within layouts/application (9.5ms)
  [1m[36mUser Load (0.2ms)[0m  [1mSELECT  "users".* FROM "users" WHERE "users"."id" = ? LIMIT 1[0m  [["id", 1]]
  Rendered layouts/_nav.html.erb (90.6ms)
Completed 200 OK in 574ms (Views: 516.1ms | ActiveRecord: 0.9ms)


Started GET "/assets/wrapper2.jpg" for 127.0.0.1 at 2016-11-08 21:15:00 +0530


Started GET "/assets/bg1.jpg" for 127.0.0.1 at 2016-11-08 21:15:00 +0530
